# JRE version: OpenJDK Runtime Environment (21.0.3) (build 21.0.3+-12282718-b509.11)
# Java VM: OpenJDK 64-Bit Server VM (21.0.3+-12282718-b509.11, mixed mode, tiered, compressed oops, compressed class ptrs, g1 gc, windows-amd64)
GC Precious Log:
 CardTable entry size: 512
 Card Set container configuration: InlinePtr #cards 5 size 8 Array Of Cards #cards 12 size 40 Howl #buckets 4 coarsen threshold 1843 Howl Bitmap #cards 512 size 80 coarsen threshold 460 Card regions per heap region 1 cards per card region 2048
 CPUs: 12 total, 12 available
 Memory: 16105M
 Large Page Support: Disabled
 NUMA Support: Disabled
 Compressed Oops: Enabled (32-bit)
 Heap Region Size: 1M
 Heap Min Capacity: 8M
 Heap Initial Capacity: 252M
 Heap Max Capacity: 2G
 Pre-touch: Disabled
 Parallel Workers: 10
 Concurrent Workers: 3
 Concurrent Refinement Workers: 10
 Periodic GC: Disabled
Heap:
 garbage-first heap   total 398336K, used 385380K [0x0000000080000000, 0x0000000100000000)
  region size 1024K, 204 young (208896K), 8 survivors (8192K)
 Metaspace       used 162255K, committed 164288K, reserved 1245184K
  class space    used 21417K, committed 22528K, reserved 1048576K
GC Heap History (20 events):
Event: 3102.098 GC heap after
{Heap after GC invocations=74 (full 0):
 garbage-first heap   total 342016K, used 154675K [0x0000000080000000, 0x0000000100000000)
  region size 1024K, 5 young (5120K), 5 survivors (5120K)
 Metaspace       used 155630K, committed 158144K, reserved 1245184K
  class space    used 20781K, committed 22528K, reserved 1048576K
}
Event: 9841.580 GC heap before
{Heap before GC invocations=74 (full 0):
 garbage-first heap   total 342016K, used 340019K [0x0000000080000000, 0x0000000100000000)
  region size 1024K, 156 young (159744K), 5 survivors (5120K)
 Metaspace       used 155704K, committed 158208K, reserved 1245184K
  class space    used 20781K, committed 22528K, reserved 1048576K
}
Event: 9841.622 GC heap after
{Heap after GC invocations=75 (full 0):
 garbage-first heap   total 354304K, used 126581K [0x0000000080000000, 0x0000000100000000)
  region size 1024K, 3 young (3072K), 3 survivors (3072K)
 Metaspace       used 155704K, committed 158208K, reserved 1245184K
  class space    used 20781K, committed 22528K, reserved 1048576K
}
Event: 12186.731 GC heap before
{Heap before GC invocations=75 (full 0):
 garbage-first heap   total 354304K, used 246389K [0x0000000080000000, 0x0000000100000000)
  region size 1024K, 121 young (123904K), 3 survivors (3072K)
 Metaspace       used 155790K, committed 158208K, reserved 1245184K
  class space    used 20782K, committed 22528K, reserved 1048576K
}
Event: 12186.751 GC heap after
{Heap after GC invocations=76 (full 0):
 garbage-first heap   total 354304K, used 135035K [0x0000000080000000, 0x0000000100000000)
  region size 1024K, 11 young (11264K), 11 survivors (11264K)
 Metaspace       used 155790K, committed 158208K, reserved 1245184K
  class space    used 20782K, committed 22528K, reserved 1048576K
}
Event: 12188.465 GC heap before
{Heap before GC invocations=77 (full 0):
 garbage-first heap   total 354304K, used 343931K [0x0000000080000000, 0x0000000100000000)
  region size 1024K, 196 young (200704K), 11 survivors (11264K)
 Metaspace       used 158459K, committed 160576K, reserved 1245184K
  class space    used 20965K, committed 22528K, reserved 1048576K
}
Event: 12188.482 GC heap after
{Heap after GC invocations=78 (full 0):
 garbage-first heap   total 359424K, used 133502K [0x0000000080000000, 0x0000000100000000)
  region size 1024K, 14 young (14336K), 14 survivors (14336K)
 Metaspace       used 158459K, committed 160576K, reserved 1245184K
  class space    used 20965K, committed 22528K, reserved 1048576K
}
Event: 12191.888 GC heap before
{Heap before GC invocations=78 (full 0):
 garbage-first heap   total 359424K, used 332158K [0x0000000080000000, 0x0000000100000000)
  region size 1024K, 201 young (205824K), 14 survivors (14336K)
 Metaspace       used 159173K, committed 161280K, reserved 1245184K
  class space    used 21013K, committed 22528K, reserved 1048576K
}
Event: 12191.905 GC heap after
{Heap after GC invocations=79 (full 0):
 garbage-first heap   total 364544K, used 133938K [0x0000000080000000, 0x0000000100000000)
  region size 1024K, 22 young (22528K), 22 survivors (22528K)
 Metaspace       used 159173K, committed 161280K, reserved 1245184K
  class space    used 21013K, committed 22528K, reserved 1048576K
}
Event: 12192.074 GC heap before
{Heap before GC invocations=79 (full 0):
 garbage-first heap   total 364544K, used 265010K [0x0000000080000000, 0x0000000100000000)
  region size 1024K, 152 young (155648K), 22 survivors (22528K)
 Metaspace       used 159384K, committed 161472K, reserved 1245184K
  class space    used 21024K, committed 22528K, reserved 1048576K
}
Event: 12192.084 GC heap after
{Heap after GC invocations=80 (full 0):
 garbage-first heap   total 364544K, used 133484K [0x0000000080000000, 0x0000000100000000)
  region size 1024K, 13 young (13312K), 13 survivors (13312K)
 Metaspace       used 159384K, committed 161472K, reserved 1245184K
  class space    used 21024K, committed 22528K, reserved 1048576K
}
Event: 15432.994 GC heap before
{Heap before GC invocations=81 (full 0):
 garbage-first heap   total 364544K, used 362860K [0x0000000080000000, 0x0000000100000000)
  region size 1024K, 206 young (210944K), 13 survivors (13312K)
 Metaspace       used 160491K, committed 162560K, reserved 1245184K
  class space    used 21231K, committed 22528K, reserved 1048576K
}
Event: 15433.006 GC heap after
{Heap after GC invocations=82 (full 0):
 garbage-first heap   total 377856K, used 133795K [0x0000000080000000, 0x0000000100000000)
  region size 1024K, 13 young (13312K), 13 survivors (13312K)
 Metaspace       used 160491K, committed 162560K, reserved 1245184K
  class space    used 21231K, committed 22528K, reserved 1048576K
}
Event: 15434.685 GC heap before
{Heap before GC invocations=82 (full 0):
 garbage-first heap   total 377856K, used 368291K [0x0000000080000000, 0x0000000100000000)
  region size 1024K, 219 young (224256K), 13 survivors (13312K)
 Metaspace       used 161058K, committed 163136K, reserved 1245184K
  class space    used 21254K, committed 22528K, reserved 1048576K
}
Event: 15434.698 GC heap after
{Heap after GC invocations=83 (full 0):
 garbage-first heap   total 394240K, used 137054K [0x0000000080000000, 0x0000000100000000)
  region size 1024K, 19 young (19456K), 19 survivors (19456K)
 Metaspace       used 161058K, committed 163136K, reserved 1245184K
  class space    used 21254K, committed 22528K, reserved 1048576K
}
Event: 15434.849 GC heap before
{Heap before GC invocations=83 (full 0):
 garbage-first heap   total 394240K, used 169822K [0x0000000080000000, 0x0000000100000000)
  region size 1024K, 53 young (54272K), 19 survivors (19456K)
 Metaspace       used 161077K, committed 163136K, reserved 1245184K
  class space    used 21254K, committed 22528K, reserved 1048576K
}
Event: 15434.860 GC heap after
{Heap after GC invocations=84 (full 0):
 garbage-first heap   total 394240K, used 137889K [0x0000000080000000, 0x0000000100000000)
  region size 1024K, 17 young (17408K), 17 survivors (17408K)
 Metaspace       used 161077K, committed 163136K, reserved 1245184K
  class space    used 21254K, committed 22528K, reserved 1048576K
}
Event: 15435.914 GC heap before
{Heap before GC invocations=85 (full 0):
 garbage-first heap   total 394240K, used 360097K [0x0000000080000000, 0x0000000100000000)
  region size 1024K, 229 young (234496K), 17 survivors (17408K)
 Metaspace       used 161436K, committed 163456K, reserved 1245184K
  class space    used 21265K, committed 22528K, reserved 1048576K
}
Event: 15435.927 GC heap after
{Heap after GC invocations=86 (full 0):
 garbage-first heap   total 394240K, used 150884K [0x0000000080000000, 0x0000000100000000)
  region size 1024K, 21 young (21504K), 21 survivors (21504K)
 Metaspace       used 161436K, committed 163456K, reserved 1245184K
  class space    used 21265K, committed 22528K, reserved 1048576K
}
Event: 15465.281 GC heap before
{Heap before GC invocations=86 (full 0):
 garbage-first heap   total 394240K, used 384356K [0x0000000080000000, 0x0000000100000000)
  region size 1024K, 217 young (222208K), 21 survivors (21504K)
 Metaspace       used 162255K, committed 164288K, reserved 1245184K
  class space    used 21417K, committed 22528K, reserved 1048576K
}

