# JRE version: OpenJDK Runtime Environment (21.0.3) (build 21.0.3+-12282718-b509.11)
# Java VM: OpenJDK 64-Bit Server VM (21.0.3+-12282718-b509.11, mixed mode, tiered, compressed oops, compressed class ptrs, g1 gc, windows-amd64)
GC Precious Log:
 CardTable entry size: 512
 Card Set container configuration: InlinePtr #cards 5 size 8 Array Of Cards #cards 12 size 40 Howl #buckets 4 coarsen threshold 1843 Howl Bitmap #cards 512 size 80 coarsen threshold 460 Card regions per heap region 1 cards per card region 2048
 CPUs: 12 total, 12 available
 Memory: 16105M
 Large Page Support: Disabled
 NUMA Support: Disabled
 Compressed Oops: Enabled (32-bit)
 Heap Region Size: 1M
 Heap Min Capacity: 8M
 Heap Initial Capacity: 252M
 Heap Max Capacity: 2G
 Pre-touch: Disabled
 Parallel Workers: 10
 Concurrent Workers: 3
 Concurrent Refinement Workers: 10
 Periodic GC: Disabled
Heap:
 garbage-first heap   total 159744K, used 126824K [0x0000000080000000, 0x0000000100000000)
  region size 1024K, 54 young (55296K), 7 survivors (7168K)
 Metaspace       used 98350K, committed 100288K, reserved 1179648K
  class space    used 13601K, committed 14592K, reserved 1048576K
GC Heap History (20 events):
Event: 6.863 GC heap before
{Heap before GC invocations=15 (full 0):
 garbage-first heap   total 114688K, used 100202K [0x0000000080000000, 0x0000000100000000)
  region size 1024K, 57 young (58368K), 4 survivors (4096K)
 Metaspace       used 66016K, committed 67584K, reserved 1114112K
  class space    used 9060K, committed 9856K, reserved 1048576K
}
Event: 6.867 GC heap after
{Heap after GC invocations=16 (full 0):
 garbage-first heap   total 114688K, used 47718K [0x0000000080000000, 0x0000000100000000)
  region size 1024K, 5 young (5120K), 5 survivors (5120K)
 Metaspace       used 66016K, committed 67584K, reserved 1114112K
  class space    used 9060K, committed 9856K, reserved 1048576K
}
Event: 7.106 GC heap before
{Heap before GC invocations=16 (full 0):
 garbage-first heap   total 114688K, used 92774K [0x0000000080000000, 0x0000000100000000)
  region size 1024K, 51 young (52224K), 5 survivors (5120K)
 Metaspace       used 66314K, committed 67904K, reserved 1114112K
  class space    used 9098K, committed 9856K, reserved 1048576K
}
Event: 7.110 GC heap after
{Heap after GC invocations=17 (full 0):
 garbage-first heap   total 114688K, used 48964K [0x0000000080000000, 0x0000000100000000)
  region size 1024K, 5 young (5120K), 5 survivors (5120K)
 Metaspace       used 66314K, committed 67904K, reserved 1114112K
  class space    used 9098K, committed 9856K, reserved 1048576K
}
Event: 7.830 GC heap before
{Heap before GC invocations=18 (full 0):
 garbage-first heap   total 114688K, used 107332K [0x0000000080000000, 0x0000000100000000)
  region size 1024K, 56 young (57344K), 5 survivors (5120K)
 Metaspace       used 70147K, committed 71744K, reserved 1114112K
  class space    used 9612K, committed 10432K, reserved 1048576K
}
Event: 7.835 GC heap after
{Heap after GC invocations=19 (full 0):
 garbage-first heap   total 120832K, used 61880K [0x0000000080000000, 0x0000000100000000)
  region size 1024K, 7 young (7168K), 7 survivors (7168K)
 Metaspace       used 70147K, committed 71744K, reserved 1114112K
  class space    used 9612K, committed 10432K, reserved 1048576K
}
Event: 8.250 GC heap before
{Heap before GC invocations=19 (full 0):
 garbage-first heap   total 120832K, used 105912K [0x0000000080000000, 0x0000000100000000)
  region size 1024K, 50 young (51200K), 7 survivors (7168K)
 Metaspace       used 74976K, committed 76800K, reserved 1179648K
  class space    used 10251K, committed 11136K, reserved 1048576K
}
Event: 8.253 GC heap after
{Heap after GC invocations=20 (full 0):
 garbage-first heap   total 120832K, used 63212K [0x0000000080000000, 0x0000000100000000)
  region size 1024K, 2 young (2048K), 2 survivors (2048K)
 Metaspace       used 74976K, committed 76800K, reserved 1179648K
  class space    used 10251K, committed 11136K, reserved 1048576K
}
Event: 8.354 GC heap before
{Heap before GC invocations=20 (full 0):
 garbage-first heap   total 120832K, used 72428K [0x0000000080000000, 0x0000000100000000)
  region size 1024K, 12 young (12288K), 2 survivors (2048K)
 Metaspace       used 76616K, committed 78400K, reserved 1179648K
  class space    used 10447K, committed 11328K, reserved 1048576K
}
Event: 8.356 GC heap after
{Heap after GC invocations=21 (full 0):
 garbage-first heap   total 120832K, used 64592K [0x0000000080000000, 0x0000000100000000)
  region size 1024K, 4 young (4096K), 4 survivors (4096K)
 Metaspace       used 76616K, committed 78400K, reserved 1179648K
  class space    used 10447K, committed 11328K, reserved 1048576K
}
Event: 8.682 GC heap before
{Heap before GC invocations=22 (full 0):
 garbage-first heap   total 133120K, used 113744K [0x0000000080000000, 0x0000000100000000)
  region size 1024K, 47 young (48128K), 4 survivors (4096K)
 Metaspace       used 79074K, committed 80896K, reserved 1179648K
  class space    used 10791K, committed 11712K, reserved 1048576K
}
Event: 8.686 GC heap after
{Heap after GC invocations=23 (full 0):
 garbage-first heap   total 159744K, used 69209K [0x0000000080000000, 0x0000000100000000)
  region size 1024K, 6 young (6144K), 6 survivors (6144K)
 Metaspace       used 79074K, committed 80896K, reserved 1179648K
  class space    used 10791K, committed 11712K, reserved 1048576K
}
Event: 9.203 GC heap before
{Heap before GC invocations=23 (full 0):
 garbage-first heap   total 159744K, used 130649K [0x0000000080000000, 0x0000000100000000)
  region size 1024K, 66 young (67584K), 6 survivors (6144K)
 Metaspace       used 82783K, committed 84608K, reserved 1179648K
  class space    used 11252K, committed 12160K, reserved 1048576K
}
Event: 9.208 GC heap after
{Heap after GC invocations=24 (full 0):
 garbage-first heap   total 159744K, used 73983K [0x0000000080000000, 0x0000000100000000)
  region size 1024K, 9 young (9216K), 9 survivors (9216K)
 Metaspace       used 82783K, committed 84608K, reserved 1179648K
  class space    used 11252K, committed 12160K, reserved 1048576K
}
Event: 9.334 GC heap before
{Heap before GC invocations=24 (full 0):
 garbage-first heap   total 159744K, used 92415K [0x0000000080000000, 0x0000000100000000)
  region size 1024K, 28 young (28672K), 9 survivors (9216K)
 Metaspace       used 84175K, committed 85952K, reserved 1179648K
  class space    used 11459K, committed 12352K, reserved 1048576K
}
Event: 9.338 GC heap after
{Heap after GC invocations=25 (full 0):
 garbage-first heap   total 159744K, used 75916K [0x0000000080000000, 0x0000000100000000)
  region size 1024K, 2 young (2048K), 2 survivors (2048K)
 Metaspace       used 84175K, committed 85952K, reserved 1179648K
  class space    used 11459K, committed 12352K, reserved 1048576K
}
Event: 9.926 GC heap before
{Heap before GC invocations=26 (full 0):
 garbage-first heap   total 159744K, used 138380K [0x0000000080000000, 0x0000000100000000)
  region size 1024K, 62 young (63488K), 2 survivors (2048K)
 Metaspace       used 89089K, committed 91008K, reserved 1179648K
  class space    used 12303K, committed 13248K, reserved 1048576K
}
Event: 9.929 GC heap after
{Heap after GC invocations=27 (full 0):
 garbage-first heap   total 159744K, used 77038K [0x0000000080000000, 0x0000000100000000)
  region size 1024K, 3 young (3072K), 3 survivors (3072K)
 Metaspace       used 89089K, committed 91008K, reserved 1179648K
  class space    used 12303K, committed 13248K, reserved 1048576K
}
Event: 10.741 GC heap before
{Heap before GC invocations=27 (full 0):
 garbage-first heap   total 159744K, used 139502K [0x0000000080000000, 0x0000000100000000)
  region size 1024K, 64 young (65536K), 3 survivors (3072K)
 Metaspace       used 94150K, committed 96128K, reserved 1179648K
  class space    used 13022K, committed 14016K, reserved 1048576K
}
Event: 10.747 GC heap after
{Heap after GC invocations=28 (full 0):
 garbage-first heap   total 159744K, used 79720K [0x0000000080000000, 0x0000000100000000)
  region size 1024K, 7 young (7168K), 7 survivors (7168K)
 Metaspace       used 94150K, committed 96128K, reserved 1179648K
  class space    used 13022K, committed 14016K, reserved 1048576K
}

